2023-05-10 08:49:55,123 - __main__ - INFO - Solving equation: 8 * X^0 - 6 * X^1 + 0 * X^2 - 5.6 * X^3 +5.55*X^3 = 3 * X^0
2023-05-10 09:10:30,570 - __main__ - INFO - Solving equation: 8 * X^0 - 6 * X^1 + 0 * X^2 - 5.6 * X^3  = 3 * X^0
2023-05-10 09:10:39,872 - __main__ - INFO - Solving equation: 8 * X^0 - 6 * X^1 + 0 * X^2 - 5.6 * X^3 +5.55*X^3 = 3 * X^0
2023-05-10 09:17:27,167 - __main__ - INFO - Solving equation: 5 * X^0 + 4 * X^1 - 9.3 * X^2 = 1 * X^0
2023-05-10 09:20:10,862 - __main__ - INFO - Solving equation: 5 * X^0 + 4 * X^1 - 9.3 * X^2 = 1 * X^0
2023-05-10 09:20:25,065 - __main__ - INFO - Solving equation: 8 * X^0 - 6 * X^1 + 0 * X^2 - 5.6 * X^3 +5.55*X^4 = 3 * X^0
2023-05-10 18:53:43,809 - __main__ - INFO - Solving equation: 5 * X^0 + 4 * X^1 - 9.3 * X^2 = 1 * X^0
2023-05-10 19:00:59,477 - __main__ - INFO - Solving equation: 5 * X^0 + 4 * X^1 - 9.3 * X^2 = 1 * X^0
2023-05-10 19:05:32,168 - __main__ - INFO - Solving equation: 5 * X^0 + 4 * X^1 - 9.3 * X^2 = 1 * X^0
2023-05-10 19:08:40,433 - __main__ - INFO - Solving equation: 5 * X^0 + 4 * X^1 - 9.3 * X^2 = 1 * X^0
2023-05-10 19:11:32,393 - __main__ - INFO - Solving equation: 5 * X^0 + 4 * X^1 - 9.3 * X^2 = 1 * X^0
2023-05-10 19:13:35,768 - __main__ - INFO - Solving equation: 5 * X^0 + 4 * X^1 - 9.3 * X^2 = 1 * X^0
2023-05-10 19:15:56,644 - __main__ - INFO - Solving equation: 5 * X^0 + 4 * X^1 - 9.3 * X^2 = 1 * X^0
2023-05-10 19:16:13,576 - __main__ - INFO - Solving equation: 5 * X^0 + 4 * X^1 - 9.3 * X^2 = 1 * X^0
2023-05-10 19:16:17,308 - __main__ - INFO - Solving equation: 5 * X^0 + 4 * X^1 - 9.3 * X^2 = 1 * X^0
2023-05-10 19:21:29,244 - __main__ - INFO - Solving equation: 5 * X^0 + 4 * X^1 - 9.3 * X^2 = 1 * X^0
2023-05-10 19:24:29,873 - __main__ - INFO - Solving equation: 5 * X^0 + 4 * X^1 - 9.3 * X^2 = 1 * X^0
2023-05-10 19:25:26,283 - __main__ - INFO - Solving equation: 5 * X^0 - 3 * X^1 - 9.3 * X^2 = -4 * X^0
2023-05-10 19:39:21,223 - __main__ - INFO - Solving equation: 5 * X^0 - 3 * X^1 - 9.3 * X^2 = -4 * X^0 + 3 * X^1
2023-05-10 19:39:59,938 - __main__ - INFO - Solving equation: 5 * X^0 - 3 * X^1 - 9.3 * X^2 = -4 * X^0 + 3 * X^1 - 4*X^4
2023-05-10 19:41:00,095 - __main__ - INFO - Solving equation: 5 * X^0 + 4 * X^1 - 9.3 * X^2 = 1 * X^0
2023-05-10 19:41:13,720 - __main__ - INFO - Solving equation: 5 * X^0 + 4 * X^1 = 4 * X^0
2023-05-10 19:41:56,428 - __main__ - INFO - Solving equation: 8 * X^0 - 6 * X^1 + 0 * X^2 - 5.6 * X^3 = 3 * X^0
2023-05-10 19:50:27,328 - __main__ - INFO - Solving equation: 8 * X^0 - 6 * X^1 + 0 * X^2 - 5.6 * X^3 = 3 * X^0
2023-05-10 19:50:37,427 - __main__ - INFO - Solving equation: 8 * X^0 - 6 * X^1 + 0 * X^2 - 5.6 * X^3 = 3 * X^0
2023-05-10 19:50:45,267 - __main__ - INFO - Solving equation: 8 * X^0 - 6 * X^1 + 0 * X^2 = 3 * X^0
2023-05-10 19:51:18,182 - __main__ - INFO - Solving equation: 8 * X^0 - 6 * X^1 + 0 * X^2 = 3 * X^0 + 3 *  X^4
2023-05-10 19:51:33,937 - __main__ - INFO - Solving equation: 8 * X^0 - 6 * X^1 + 0 * X^2 = 3 * X^0 - 3 *  X^4
2023-05-10 19:51:59,642 - __main__ - INFO - Solving equation: 8 * X^0 - 6 * X^1 + 0 * X^2 = 3 * X^0 - 3 *  X^4
2023-05-10 19:53:07,409 - __main__ - INFO - Solving equation: 8 * X^0 - 6 * X^1 + 0 * X^2 = 3 * X^0 - 3 *  X^4
